[I 2023-08-18 09:56:13.085 ServerApp] Package jupyterlab took 0.0000s to import
[I 2023-08-18 09:56:13.087 ServerApp] Package jupyter_server_fileid took 0.0016s to import
[I 2023-08-18 09:56:13.091 ServerApp] Package jupyter_server_terminals took 0.0045s to import
[I 2023-08-18 09:56:13.135 ServerApp] Package jupyter_server_ydoc took 0.0440s to import
[I 2023-08-18 09:56:13.222 ServerApp] Package jupytext took 0.0862s to import
[I 2023-08-18 09:56:13.222 ServerApp] Package nbclassic took 0.0000s to import
[W 2023-08-18 09:56:13.224 ServerApp] A `_jupyter_server_extension_points` function was not found in nbclassic. Instead, a `_jupyter_server_extension_paths` function was found and will be used for now. This function name will be deprecated in future releases of Jupyter Server.
[I 2023-08-18 09:56:13.224 ServerApp] Package notebook_shim took 0.0000s to import
[W 2023-08-18 09:56:13.224 ServerApp] A `_jupyter_server_extension_points` function was not found in notebook_shim. Instead, a `_jupyter_server_extension_paths` function was found and will be used for now. This function name will be deprecated in future releases of Jupyter Server.
[I 2023-08-18 09:56:13.226 ServerApp] jupyter_server_fileid | extension was successfully linked.
[I 2023-08-18 09:56:13.228 ServerApp] jupyter_server_terminals | extension was successfully linked.
[I 2023-08-18 09:56:13.229 ServerApp] jupyter_server_ydoc | extension was successfully linked.
[I 2023-08-18 09:56:13.231 ServerApp] jupyterlab | extension was successfully linked.
[I 2023-08-18 09:56:13.231 ServerApp] jupytext | extension was successfully linked.
[I 2023-08-18 09:56:13.233 ServerApp] nbclassic | extension was successfully linked.
[I 2023-08-18 09:56:13.373 ServerApp] notebook_shim | extension was successfully linked.
[I 2023-08-18 09:56:13.459 ServerApp] notebook_shim | extension was successfully loaded.
[I 2023-08-18 09:56:13.459 FileIdExtension] Configured File ID manager: ArbitraryFileIdManager
[I 2023-08-18 09:56:13.459 FileIdExtension] ArbitraryFileIdManager : Configured root dir: /Users/stefan.mastilak/Desktop/AutoMate/turnover-prediction-automate/notebooks
[I 2023-08-18 09:56:13.459 FileIdExtension] ArbitraryFileIdManager : Configured database path: /Users/stefan.mastilak/Library/Jupyter/file_id_manager.db
[I 2023-08-18 09:56:13.460 FileIdExtension] ArbitraryFileIdManager : Successfully connected to database file.
[I 2023-08-18 09:56:13.460 FileIdExtension] ArbitraryFileIdManager : Creating File ID tables and indices with journal_mode = DELETE
[I 2023-08-18 09:56:13.460 FileIdExtension] Attached event listeners.
[I 2023-08-18 09:56:13.460 ServerApp] jupyter_server_fileid | extension was successfully loaded.
[I 2023-08-18 09:56:13.461 ServerApp] jupyter_server_terminals | extension was successfully loaded.
[I 2023-08-18 09:56:13.461 ServerApp] jupyter_server_ydoc | extension was successfully loaded.
[I 2023-08-18 09:56:13.461 LabApp] JupyterLab extension loaded from /Users/stefan.mastilak/Desktop/AutoMate/venvs/turnover-redition-venv/lib/python3.9/site-packages/jupyterlab
[I 2023-08-18 09:56:13.461 LabApp] JupyterLab application directory is /Users/stefan.mastilak/Desktop/AutoMate/venvs/turnover-redition-venv/share/jupyter/lab
[I 2023-08-18 09:56:13.463 ServerApp] jupyterlab | extension was successfully loaded.
[W 2023-08-18 09:56:13.463 ServerApp] [Jupytext Server Extension] Async contents managers like AsyncLargeFileManager are not supported at the moment (https://github.com/mwouts/jupytext/issues/1020). We will derive a contents manager from LargeFileManager instead.
[I 2023-08-18 09:56:13.463 ServerApp] [Jupytext Server Extension] Deriving a JupytextContentsManager from LargeFileManager
[I 2023-08-18 09:56:13.463 ServerApp] jupytext | extension was successfully loaded.
[I 2023-08-18 09:56:13.466 ServerApp] nbclassic | extension was successfully loaded.
[I 2023-08-18 09:56:13.466 ServerApp] Serving notebooks from local directory: /Users/stefan.mastilak/Desktop/AutoMate/turnover-prediction-automate/notebooks
[I 2023-08-18 09:56:13.466 ServerApp] Jupyter Server 2.5.0 is running at:
[I 2023-08-18 09:56:13.466 ServerApp] http://localhost:8888/lab?token=d0439d6e2fe18b94889fb56a80b004a34b503286e51043b2
[I 2023-08-18 09:56:13.466 ServerApp]     http://127.0.0.1:8888/lab?token=d0439d6e2fe18b94889fb56a80b004a34b503286e51043b2
[I 2023-08-18 09:56:13.467 ServerApp] Use Control-C to stop this server and shut down all kernels (twice to skip confirmation).
[C 2023-08-18 09:56:13.469 ServerApp] 
    
    To access the server, open this file in a browser:
        file:///Users/stefan.mastilak/Library/Jupyter/runtime/jpserver-15680-open.html
    Or copy and paste one of these URLs:
        http://localhost:8888/lab?token=d0439d6e2fe18b94889fb56a80b004a34b503286e51043b2
        http://127.0.0.1:8888/lab?token=d0439d6e2fe18b94889fb56a80b004a34b503286e51043b2
[W 2023-08-18 09:56:16.186 LabApp] Could not determine jupyterlab build status without nodejs
[I 2023-08-18 09:56:17.512 ServerApp] Kernel started: 69d7aca3-3190-4c98-82c1-0b595eb3f842
[I 2023-08-18 09:56:18.031 ServerApp] Connecting to kernel 69d7aca3-3190-4c98-82c1-0b595eb3f842.
[I 2023-08-18 09:56:18.033 ServerApp] Connecting to kernel 69d7aca3-3190-4c98-82c1-0b595eb3f842.
[I 2023-08-18 09:56:18.053 ServerApp] Connecting to kernel 69d7aca3-3190-4c98-82c1-0b595eb3f842.
[W 2023-08-18 09:56:18.071 ServerApp] Got events for closed stream <zmq.eventloop.zmqstream.ZMQStream object at 0x114a50a60>
[I 2023-08-18 09:56:21.653 ServerApp] Creating new notebook in 
[I 2023-08-18 09:56:21.657 ServerApp] Saving Untitled.ipynb
[I 2023-08-18 09:56:21.798 ServerApp] Kernel started: d75f6857-52d0-4099-b95e-d2ceeaf3181c
[I 2023-08-18 09:56:22.173 ServerApp] Connecting to kernel d75f6857-52d0-4099-b95e-d2ceeaf3181c.
[I 2023-08-18 09:58:21.777 ServerApp] Saving file at /Untitled.ipynb
[I 2023-08-18 09:58:21.779 ServerApp] Saving Untitled.ipynb
[I 2023-08-18 10:00:21.846 ServerApp] Saving file at /Untitled.ipynb
[I 2023-08-18 10:00:21.847 ServerApp] Saving Untitled.ipynb
[I 2023-08-18 10:02:21.906 ServerApp] Saving file at /Untitled.ipynb
[I 2023-08-18 10:02:21.908 ServerApp] Saving Untitled.ipynb
[I 2023-08-18 10:04:21.956 ServerApp] Saving file at /Untitled.ipynb
[I 2023-08-18 10:04:21.958 ServerApp] Saving Untitled.ipynb
[I 2023-08-18 10:06:22.025 ServerApp] Saving file at /Untitled.ipynb
[I 2023-08-18 10:06:22.026 ServerApp] Saving Untitled.ipynb
[I 2023-08-18 10:08:22.079 ServerApp] Saving file at /Untitled.ipynb
[I 2023-08-18 10:08:22.081 ServerApp] Saving Untitled.ipynb
[I 2023-08-18 10:10:22.175 ServerApp] Saving file at /Untitled.ipynb
[I 2023-08-18 10:10:22.176 ServerApp] Saving Untitled.ipynb
[I 2023-08-18 10:12:22.239 ServerApp] Saving file at /Untitled.ipynb
[I 2023-08-18 10:12:22.240 ServerApp] Saving Untitled.ipynb
[I 2023-08-18 10:14:22.312 ServerApp] Saving file at /Untitled.ipynb
[I 2023-08-18 10:14:22.314 ServerApp] Saving Untitled.ipynb
[I 2023-08-18 10:15:38.146 ServerApp] Saving file at /Untitled.ipynb
[I 2023-08-18 10:15:38.148 ServerApp] Saving Untitled.ipynb
[I 2023-08-18 10:15:44.648 ServerApp] Saving file at /Untitled.ipynb
[I 2023-08-18 10:15:44.650 ServerApp] Saving Untitled.ipynb
[I 2023-08-18 10:15:46.576 ServerApp] Saving file at /plots.ipynb
[I 2023-08-18 10:15:46.578 ServerApp] Saving plots.ipynb
[I 2023-08-18 10:17:46.638 ServerApp] Saving file at /plots.ipynb
[I 2023-08-18 10:17:46.639 ServerApp] Saving plots.ipynb
[I 2023-08-18 10:19:46.707 ServerApp] Saving file at /plots.ipynb
[I 2023-08-18 10:19:46.708 ServerApp] Saving plots.ipynb
[I 2023-08-18 10:59:46.943 ServerApp] Saving file at /plots.ipynb
[I 2023-08-18 10:59:46.944 ServerApp] Saving plots.ipynb
[I 2023-08-18 11:01:47.023 ServerApp] Saving file at /plots.ipynb
[I 2023-08-18 11:01:47.024 ServerApp] Saving plots.ipynb
[I 2023-08-18 11:02:18.799 ServerApp] Starting buffering for d75f6857-52d0-4099-b95e-d2ceeaf3181c:0f4a5e9c-1d69-45e4-8c86-8fae7e032c44
[I 2023-08-18 11:04:36.758 ServerApp] Starting buffering for 69d7aca3-3190-4c98-82c1-0b595eb3f842:85df77f0-f4e5-4f36-bcd5-4553dc792a5a
[I 2023-08-18 11:04:36.767 ServerApp] Connecting to kernel 69d7aca3-3190-4c98-82c1-0b595eb3f842.
[I 2023-08-18 11:04:36.786 ServerApp] Connecting to kernel 69d7aca3-3190-4c98-82c1-0b595eb3f842.
[I 2023-08-18 12:51:57.671 ServerApp] Kernel shutdown: d75f6857-52d0-4099-b95e-d2ceeaf3181c
[W 2023-08-18 12:51:58.114 ServerApp] delete /plots.ipynb
[I 2023-08-18 12:52:01.711 ServerApp] Saving file at /cls_models.ipynb
[I 2023-08-18 12:52:01.712 ServerApp] Saving cls_models.ipynb
[I 2023-08-18 12:52:03.490 ServerApp] Starting buffering for 69d7aca3-3190-4c98-82c1-0b595eb3f842:85df77f0-f4e5-4f36-bcd5-4553dc792a5a
[C 2023-09-04 08:19:04.759 ServerApp] received signal 15, stopping
[I 2023-09-04 08:19:04.768 ServerApp] Shutting down 7 extensions
[I 2023-09-04 08:19:04.771 ServerApp] Shutting down 1 kernel
[I 2023-09-04 08:19:04.776 ServerApp] Kernel shutdown: 69d7aca3-3190-4c98-82c1-0b595eb3f842

  _   _          _      _
 | | | |_ __  __| |__ _| |_ ___
 | |_| | '_ \/ _` / _` |  _/ -_)
  \___/| .__/\__,_\__,_|\__\___|
       |_|
                                                                           
Read the migration plan to Notebook 7 to learn about the new features and the actions to take if you are using extensions.

https://jupyter-notebook.readthedocs.io/en/latest/migrate_to_notebook7.html

Please note that updating to Notebook 7 might break some of your extensions.

